  main.c
  playlist.c
C:\Users\fabri\source\repos\CPTS122\122PA3\122PA3\main.c(18,7): warning C4101:  'topline': unreferenced local variable
C:\Users\fabri\source\repos\CPTS122\122PA3\122PA3\playlist.c(83,43): warning C4047:  '=': 'char' differs in levels of indirection from 'void *'
C:\Users\fabri\source\repos\CPTS122\122PA3\122PA3\playlist.c(89,46): warning C4047:  '=': 'char' differs in levels of indirection from 'void *'
C:\Users\fabri\source\repos\CPTS122\122PA3\122PA3\playlist.c(95,49): warning C4047:  '=': 'char' differs in levels of indirection from 'void *'
C:\Users\fabri\source\repos\CPTS122\122PA3\122PA3\playlist.c(101,43): warning C4047:  '=': 'char' differs in levels of indirection from 'void *'
C:\Users\fabri\source\repos\CPTS122\122PA3\122PA3\playlist.c(128,34): warning C4133:  '=': incompatible types - from 'Node *' to 'Node *'
C:\Users\fabri\source\repos\CPTS122\122PA3\122PA3\playlist.c(130,37): warning C4133:  '=': incompatible types - from 'Node *' to 'Node *'
C:\Users\fabri\source\repos\CPTS122\122PA3\122PA3\playlist.c(131,33): warning C4133:  '=': incompatible types - from 'Node *' to 'Node *'
C:\Users\fabri\source\repos\CPTS122\122PA3\122PA3\playlist.c(137,32): warning C4133:  '=': incompatible types - from 'Node *' to 'Node *'
C:\Users\fabri\source\repos\CPTS122\122PA3\122PA3\playlist.c(154,26): warning C4020:  'isEmpty': too many actual parameters
C:\Users\fabri\source\repos\CPTS122\122PA3\122PA3\playlist.c(187,26): warning C4133:  '=': incompatible types - from 'Node *' to 'Node *'
C:\Users\fabri\source\repos\CPTS122\122PA3\122PA3\playlist.c(188,22): warning C4133:  '=': incompatible types - from 'Node *' to 'Node *'
C:\Users\fabri\source\repos\CPTS122\122PA3\122PA3\playlist.c(228,30): warning C4133:  '!=': incompatible types - from 'Node *' to 'Node *'
C:\Users\fabri\source\repos\CPTS122\122PA3\122PA3\playlist.c(256,27): warning C4133:  '=': incompatible types - from 'Node *' to 'Node *'
C:\Users\fabri\source\repos\CPTS122\122PA3\122PA3\playlist.c(257,23): warning C4133:  '=': incompatible types - from 'Node *' to 'Node *'
C:\Users\fabri\source\repos\CPTS122\122PA3\122PA3\playlist.c(271,25): warning C4047:  '=': 'char' differs in levels of indirection from 'void *'
C:\Users\fabri\source\repos\CPTS122\122PA3\122PA3\playlist.c(273,30): warning C4133:  '!=': incompatible types - from 'Node *' to 'Node *'
C:\Users\fabri\source\repos\CPTS122\122PA3\122PA3\playlist.c(305,27): warning C4133:  '=': incompatible types - from 'Node *' to 'Node *'
C:\Users\fabri\source\repos\CPTS122\122PA3\122PA3\playlist.c(306,23): warning C4133:  '=': incompatible types - from 'Node *' to 'Node *'
C:\Users\fabri\source\repos\CPTS122\122PA3\122PA3\playlist.c(321,30): warning C4133:  '!=': incompatible types - from 'Node *' to 'Node *'
C:\Users\fabri\source\repos\CPTS122\122PA3\122PA3\playlist.c(353,27): warning C4133:  '=': incompatible types - from 'Node *' to 'Node *'
C:\Users\fabri\source\repos\CPTS122\122PA3\122PA3\playlist.c(354,23): warning C4133:  '=': incompatible types - from 'Node *' to 'Node *'
C:\Users\fabri\source\repos\CPTS122\122PA3\122PA3\playlist.c(382,36): warning C4047:  '=': 'char' differs in levels of indirection from 'void *'
C:\Users\fabri\source\repos\CPTS122\122PA3\122PA3\playlist.c(392,39): warning C4047:  '=': 'char' differs in levels of indirection from 'void *'
C:\Users\fabri\source\repos\CPTS122\122PA3\122PA3\playlist.c(402,42): warning C4047:  '=': 'char' differs in levels of indirection from 'void *'
C:\Users\fabri\source\repos\CPTS122\122PA3\122PA3\playlist.c(412,36): warning C4047:  '=': 'char' differs in levels of indirection from 'void *'
C:\Users\fabri\source\repos\CPTS122\122PA3\122PA3\playlist.c(437,23): warning C4133:  '=': incompatible types - from 'Node *' to 'Node *'
C:\Users\fabri\source\repos\CPTS122\122PA3\122PA3\playlist.c(456,21): warning C4047:  '=': 'char' differs in levels of indirection from 'void *'
C:\Users\fabri\source\repos\CPTS122\122PA3\122PA3\playlist.c(458,34): warning C4133:  '!=': incompatible types - from 'Node *' to 'Node *'
C:\Users\fabri\source\repos\CPTS122\122PA3\122PA3\playlist.c(467,27): warning C4133:  '=': incompatible types - from 'Node *' to 'Node *'
C:\Users\fabri\source\repos\CPTS122\122PA3\122PA3\playlist.c(468,31): warning C4133:  '=': incompatible types - from 'Node *' to 'Node *'
C:\Users\fabri\source\repos\CPTS122\122PA3\122PA3\playlist.c(478,23): warning C4133:  '=': incompatible types - from 'Node *' to 'Node *'
C:\Users\fabri\source\repos\CPTS122\122PA3\122PA3\playlist.c(479,25): warning C4133:  '=': incompatible types - from 'Node *' to 'Node *'
C:\Users\fabri\source\repos\CPTS122\122PA3\122PA3\playlist.c(480,27): warning C4133:  '=': incompatible types - from 'Node *' to 'Node *'
C:\Users\fabri\source\repos\CPTS122\122PA3\122PA3\playlist.c(446,1): warning C4305:  'initializing': truncation from 'int' to 'char'
C:\Users\fabri\source\repos\CPTS122\122PA3\122PA3\playlist.c(510,24): warning C4047:  '=': 'char' differs in levels of indirection from 'void *'
C:\Users\fabri\source\repos\CPTS122\122PA3\122PA3\playlist.c(513,33): warning C4133:  '!=': incompatible types - from 'Node *' to 'Node *'
C:\Users\fabri\source\repos\CPTS122\122PA3\122PA3\playlist.c(523,26): warning C4133:  '=': incompatible types - from 'Node *' to 'Node *'
C:\Users\fabri\source\repos\CPTS122\122PA3\122PA3\playlist.c(524,29): warning C4133:  '=': incompatible types - from 'Node *' to 'Node *'
C:\Users\fabri\source\repos\CPTS122\122PA3\122PA3\playlist.c(530,30): warning C4133:  '=': incompatible types - from 'Node *' to 'Node *'
C:\Users\fabri\source\repos\CPTS122\122PA3\122PA3\playlist.c(548,22): warning C4047:  '=': 'char' differs in levels of indirection from 'void *'
C:\Users\fabri\source\repos\CPTS122\122PA3\122PA3\playlist.c(553,46): warning C4133:  '!=': incompatible types - from 'Node *' to 'Node *'
C:\Users\fabri\source\repos\CPTS122\122PA3\122PA3\playlist.c(580,27): warning C4133:  '=': incompatible types - from 'Node *' to 'Node *'
C:\Users\fabri\source\repos\CPTS122\122PA3\122PA3\playlist.c(581,30): warning C4133:  '=': incompatible types - from 'Node *' to 'Node *'
C:\Users\fabri\source\repos\CPTS122\122PA3\122PA3\playlist.c(587,30): warning C4133:  '=': incompatible types - from 'Node *' to 'Node *'
C:\Users\fabri\source\repos\CPTS122\122PA3\122PA3\playlist.c(616,37): warning C4047:  '=': 'char' differs in levels of indirection from 'void *'
C:\Users\fabri\source\repos\CPTS122\122PA3\122PA3\playlist.c(629,40): warning C4047:  '=': 'char' differs in levels of indirection from 'void *'
C:\Users\fabri\source\repos\CPTS122\122PA3\122PA3\playlist.c(642,43): warning C4047:  '=': 'char' differs in levels of indirection from 'void *'
C:\Users\fabri\source\repos\CPTS122\122PA3\122PA3\playlist.c(655,37): warning C4047:  '=': 'char' differs in levels of indirection from 'void *'
C:\Users\fabri\source\repos\CPTS122\122PA3\122PA3\playlist.c(716,36): warning C4133:  '!=': incompatible types - from 'Node *' to 'Node *'
C:\Users\fabri\source\repos\CPTS122\122PA3\122PA3\playlist.c(718,30): warning C4133:  '=': incompatible types - from 'Node *' to 'Node *'
C:\Users\fabri\source\repos\CPTS122\122PA3\122PA3\playlist.c(733,33): warning C4133:  '=': incompatible types - from 'Node *' to 'Node *'
C:\Users\fabri\source\repos\CPTS122\122PA3\122PA3\playlist.c(739,30): warning C4133:  '=': incompatible types - from 'Node *' to 'Node *'
C:\Users\fabri\source\repos\CPTS122\122PA3\122PA3\playlist.c(740,34): warning C4133:  '=': incompatible types - from 'Node *' to 'Node *'
C:\Users\fabri\source\repos\CPTS122\122PA3\122PA3\playlist.c(745,30): warning C4133:  '=': incompatible types - from 'Node *' to 'Node *'
C:\Users\fabri\source\repos\CPTS122\122PA3\122PA3\playlist.c(746,34): warning C4133:  '=': incompatible types - from 'Node *' to 'Node *'
C:\Users\fabri\source\repos\CPTS122\122PA3\122PA3\playlist.c(747,30): warning C4133:  '=': incompatible types - from 'Node *' to 'Node *'
C:\Users\fabri\source\repos\CPTS122\122PA3\122PA3\playlist.c(748,34): warning C4133:  '=': incompatible types - from 'Node *' to 'Node *'
C:\Users\fabri\source\repos\CPTS122\122PA3\122PA3\playlist.c(767,30): warning C4133:  '=': incompatible types - from 'Node *' to 'Node *'
C:\Users\fabri\source\repos\CPTS122\122PA3\122PA3\playlist.c(694,65): warning C4101:  'pTemp5': unreferenced local variable
C:\Users\fabri\source\repos\CPTS122\122PA3\122PA3\playlist.c(696,7): warning C4101:  'comparedString': unreferenced local variable
C:\Users\fabri\source\repos\CPTS122\122PA3\122PA3\playlist.c(694,74): warning C4101:  'pTemp6': unreferenced local variable
C:\Users\fabri\source\repos\CPTS122\122PA3\122PA3\playlist.c(774,45): warning C4047:  '!=': 'int' differs in levels of indirection from 'void *'
C:\Users\fabri\source\repos\CPTS122\122PA3\122PA3\playlist.c(774,70): warning C4047:  '!=': 'int' differs in levels of indirection from 'void *'
C:\Users\fabri\source\repos\CPTS122\122PA3\122PA3\playlist.c(813,21): warning C4047:  '=': 'char' differs in levels of indirection from 'void *'
C:\Users\fabri\source\repos\CPTS122\122PA3\122PA3\playlist.c(825,27): warning C4133:  '=': incompatible types - from 'Node *' to 'Node *'
C:\Users\fabri\source\repos\CPTS122\122PA3\122PA3\playlist.c(826,30): warning C4133:  '=': incompatible types - from 'Node *' to 'Node *'
C:\Users\fabri\source\repos\CPTS122\122PA3\122PA3\playlist.c(832,30): warning C4133:  '=': incompatible types - from 'Node *' to 'Node *'
C:\Users\fabri\source\repos\CPTS122\122PA3\122PA3\playlist.c(864,26): warning C4020:  'isEmpty': too many actual parameters
C:\Users\fabri\source\repos\CPTS122\122PA3\122PA3\playlist.c(866,11): warning C4098:  'playList': 'void' function returning a value
C:\Users\fabri\source\repos\CPTS122\122PA3\122PA3\playlist.c(891,26): warning C4133:  '=': incompatible types - from 'Node *' to 'Node *'
C:\Users\fabri\source\repos\CPTS122\122PA3\122PA3\playlist.c(892,22): warning C4133:  '=': incompatible types - from 'Node *' to 'Node *'
C:\Users\fabri\source\repos\CPTS122\122PA3\122PA3\playlist.c(901,18): warning C4244:  'function': conversion from 'time_t' to 'unsigned int', possible loss of data
C:\Users\fabri\source\repos\CPTS122\122PA3\122PA3\playlist.c(903,33): warning C4133:  '!=': incompatible types - from 'Node *' to 'Node *'
C:\Users\fabri\source\repos\CPTS122\122PA3\122PA3\playlist.c(905,34): warning C4133:  '=': incompatible types - from 'Node *' to 'Node *'
C:\Users\fabri\source\repos\CPTS122\122PA3\122PA3\playlist.c(906,30): warning C4133:  '=': incompatible types - from 'Node *' to 'Node *'
C:\Users\fabri\source\repos\CPTS122\122PA3\122PA3\playlist.c(932,35): warning C4133:  '=': incompatible types - from 'Node *' to 'Node *'
  Generating Code...
C:\Users\fabri\source\repos\CPTS122\122PA3\122PA3\playlist.c(933,31): warning C4133:  '=': incompatible types - from 'Node *' to 'Node *'
  122PA3.vcxproj -> C:\Users\fabri\source\repos\CPTS122\122PA3\Debug\122PA3.exe
